<?xml version="1.0" encoding="UTF-8"?>
<!-- Generated by org.testng.reporters.JUnitXMLReporter -->
<testsuite ignored="0" hostname="DESKTOP-RTV7A8K" failures="0" tests="10" name="Default test" time="671.495" errors="0" timestamp="2024-09-12T21:09:08 IST">
  <testcase classname="dataProvider.DataPro2" name="Search" time="557.433"/>
  <testcase classname="dataProvider.DataPro2" name="Search" time="10.814"/>
  <testcase classname="dataProvider.DataPro2" name="Search" time="8.095"/>
  <testcase classname="dataProvider.DataPro2" name="Search" time="9.747"/>
  <testcase classname="dataProvider.DataPro2" name="Search" time="10.033"/>
  <testcase classname="dataProvider.DataPro2" name="Search" time="17.883"/>
  <testcase classname="dataProvider.DataPro2" name="Search" time="15.187"/>
  <testcase classname="dataProvider.DataPro2" name="Search" time="17.659"/>
  <testcase classname="dataProvider.DataPro2" name="Search" time="16.761"/>
  <testcase classname="dataProvider.DataPro2" name="Search" time="7.793"/>
</testsuite> <!-- Default test -->
